  Ball.cpp
  BlockMap.cpp
C:\Users\manue\OneDrive\Escritorio\Desarrollo de Videojuegos\SEGUNDO\TPV\TPV-Git\Practica1\HolaSDL\BlockMap.h(30,21): warning C4018: '<': no coinciden signed/unsigned
C:\Users\manue\OneDrive\Escritorio\Desarrollo de Videojuegos\SEGUNDO\TPV\TPV-Git\Practica1\HolaSDL\BlockMap.h(36,21): warning C4018: '<': no coinciden signed/unsigned
C:\Users\manue\OneDrive\Escritorio\Desarrollo de Videojuegos\SEGUNDO\TPV\TPV-Git\Practica1\HolaSDL\BlockMap.cpp(6,23): warning C4018: '<': no coinciden signed/unsigned
C:\Users\manue\OneDrive\Escritorio\Desarrollo de Videojuegos\SEGUNDO\TPV\TPV-Git\Practica1\HolaSDL\BlockMap.cpp(7,27): warning C4018: '<': no coinciden signed/unsigned
C:\Users\manue\OneDrive\Escritorio\Desarrollo de Videojuegos\SEGUNDO\TPV\TPV-Git\Practica1\HolaSDL\BlockMap.cpp(24,23): warning C4018: '<': no coinciden signed/unsigned
C:\Users\manue\OneDrive\Escritorio\Desarrollo de Videojuegos\SEGUNDO\TPV\TPV-Git\Practica1\HolaSDL\BlockMap.cpp(25,27): warning C4018: '<': no coinciden signed/unsigned
C:\Users\manue\OneDrive\Escritorio\Desarrollo de Videojuegos\SEGUNDO\TPV\TPV-Git\Practica1\HolaSDL\BlockMap.cpp(39,23): warning C4018: '<': no coinciden signed/unsigned
C:\Users\manue\OneDrive\Escritorio\Desarrollo de Videojuegos\SEGUNDO\TPV\TPV-Git\Practica1\HolaSDL\BlockMap.cpp(40,27): warning C4018: '<': no coinciden signed/unsigned
C:\Users\manue\OneDrive\Escritorio\Desarrollo de Videojuegos\SEGUNDO\TPV\TPV-Git\Practica1\HolaSDL\BlockMap.cpp(51,23): warning C4018: '<': no coinciden signed/unsigned
C:\Users\manue\OneDrive\Escritorio\Desarrollo de Videojuegos\SEGUNDO\TPV\TPV-Git\Practica1\HolaSDL\BlockMap.cpp(52,27): warning C4018: '<': no coinciden signed/unsigned
C:\Users\manue\OneDrive\Escritorio\Desarrollo de Videojuegos\SEGUNDO\TPV\TPV-Git\Practica1\HolaSDL\BlockMap.cpp(117,23): warning C4018: '<': no coinciden signed/unsigned
C:\Users\manue\OneDrive\Escritorio\Desarrollo de Videojuegos\SEGUNDO\TPV\TPV-Git\Practica1\HolaSDL\BlockMap.cpp(118,27): warning C4018: '<': no coinciden signed/unsigned
C:\Users\manue\OneDrive\Escritorio\Desarrollo de Videojuegos\SEGUNDO\TPV\TPV-Git\Practica1\HolaSDL\BlockMap.cpp(138,23): warning C4018: '<': no coinciden signed/unsigned
  EndState.cpp
C:\Users\manue\OneDrive\Escritorio\Desarrollo de Videojuegos\SEGUNDO\TPV\TPV-Git\Practica1\HolaSDL\EndState.cpp(70,14): warning C4101: 'e': variable local sin referencia
  Game.cpp
  GameState.cpp
  GameStateMachine.cpp
  MenuButton.cpp
C:\Users\manue\OneDrive\Escritorio\Desarrollo de Videojuegos\SEGUNDO\TPV\TPV-Git\Practica1\HolaSDL\MenuButton.cpp(24,12): warning C4101: 'e': variable local sin referencia
  MenuState.cpp
C:\Users\manue\OneDrive\Escritorio\Desarrollo de Videojuegos\SEGUNDO\TPV\TPV-Git\Practica1\HolaSDL\MenuState.cpp(66,14): warning C4101: 'e': variable local sin referencia
  Paddle.cpp
C:\Users\manue\OneDrive\Escritorio\Desarrollo de Videojuegos\SEGUNDO\TPV\TPV-Git\Practica1\HolaSDL\Paddle.cpp(59,36): warning C4244: '=': conversión de 'double' a 'int'; posible pérdida de datos
C:\Users\manue\OneDrive\Escritorio\Desarrollo de Videojuegos\SEGUNDO\TPV\TPV-Git\Practica1\HolaSDL\Paddle.cpp(65,36): warning C4244: '=': conversión de 'double' a 'int'; posible pérdida de datos
C:\Users\manue\OneDrive\Escritorio\Desarrollo de Videojuegos\SEGUNDO\TPV\TPV-Git\Practica1\HolaSDL\Paddle.cpp(104,23): warning C4244: 'inicializando': conversión de 'double' a 'float'; posible pérdida de datos
  PauseState.cpp
C:\Users\manue\OneDrive\Escritorio\Desarrollo de Videojuegos\SEGUNDO\TPV\TPV-Git\Practica1\HolaSDL\PauseState.cpp(66,14): warning C4101: 'e': variable local sin referencia
  PlayState.cpp
C:\Users\manue\OneDrive\Escritorio\Desarrollo de Videojuegos\SEGUNDO\TPV\TPV-Git\Practica1\HolaSDL\BlockMap.h(30,21): warning C4018: '<': no coinciden signed/unsigned
C:\Users\manue\OneDrive\Escritorio\Desarrollo de Videojuegos\SEGUNDO\TPV\TPV-Git\Practica1\HolaSDL\BlockMap.h(36,21): warning C4018: '<': no coinciden signed/unsigned
  Reward.cpp
  main.cpp
C:\Program Files (x86)\Windows Kits\10\Include\10.0.19041.0\ucrt\crtdbg.h(307,1): warning C4005: '_malloca': redefinición de macro
C:\Program Files (x86)\Windows Kits\10\Include\10.0.19041.0\ucrt\malloc.h(124): message : vea la definición anterior de '_malloca'
  Generando código...
  HolaSDL.vcxproj -> C:\Users\manue\OneDrive\Escritorio\Desarrollo de Videojuegos\SEGUNDO\TPV\TPV-Git\Practica1\bin\HolaSDLDebug.exe
