c:\users\manue\onedrive\escritorio\desarrollo de videojuegos\segundo\tpv\tpv-git\practica1\holasdl\debug\vc143.pdb
c:\users\manue\onedrive\escritorio\desarrollo de videojuegos\segundo\tpv\tpv-git\practica1\holasdl\debug\vc143.idb
c:\users\manue\onedrive\escritorio\desarrollo de videojuegos\segundo\tpv\tpv-git\practica1\holasdl\debug\wall.obj
c:\users\manue\onedrive\escritorio\desarrollo de videojuegos\segundo\tpv\tpv-git\practica1\holasdl\debug\vector2d.obj
c:\users\manue\onedrive\escritorio\desarrollo de videojuegos\segundo\tpv\tpv-git\practica1\holasdl\debug\texture.obj
c:\users\manue\onedrive\escritorio\desarrollo de videojuegos\segundo\tpv\tpv-git\practica1\holasdl\debug\movingobject.obj
c:\users\manue\onedrive\escritorio\desarrollo de videojuegos\segundo\tpv\tpv-git\practica1\holasdl\debug\reward.obj
c:\users\manue\onedrive\escritorio\desarrollo de videojuegos\segundo\tpv\tpv-git\practica1\holasdl\debug\paddle.obj
c:\users\manue\onedrive\escritorio\desarrollo de videojuegos\segundo\tpv\tpv-git\practica1\holasdl\debug\main.obj
c:\users\manue\onedrive\escritorio\desarrollo de videojuegos\segundo\tpv\tpv-git\practica1\holasdl\debug\gameobject.obj
c:\users\manue\onedrive\escritorio\desarrollo de videojuegos\segundo\tpv\tpv-git\practica1\holasdl\debug\game.obj
c:\users\manue\onedrive\escritorio\desarrollo de videojuegos\segundo\tpv\tpv-git\practica1\holasdl\debug\blockmap.obj
c:\users\manue\onedrive\escritorio\desarrollo de videojuegos\segundo\tpv\tpv-git\practica1\holasdl\debug\block.obj
c:\users\manue\onedrive\escritorio\desarrollo de videojuegos\segundo\tpv\tpv-git\practica1\holasdl\debug\ball.obj
c:\users\manue\onedrive\escritorio\desarrollo de videojuegos\segundo\tpv\tpv-git\practica1\holasdl\debug\arcanoidobject.obj
c:\users\manue\onedrive\escritorio\desarrollo de videojuegos\segundo\tpv\tpv-git\practica1\bin\holasdldebug.exe
c:\users\manue\onedrive\escritorio\desarrollo de videojuegos\segundo\tpv\tpv-git\practica1\holasdl\debug\holasdldebug.ilk
c:\users\manue\onedrive\escritorio\desarrollo de videojuegos\segundo\tpv\tpv-git\practica1\bin\holasdldebug.pdb
c:\users\manue\onedrive\escritorio\desarrollo de videojuegos\segundo\tpv\tpv-git\practica1\holasdl\debug\holasdl.tlog\cl.command.1.tlog
c:\users\manue\onedrive\escritorio\desarrollo de videojuegos\segundo\tpv\tpv-git\practica1\holasdl\debug\holasdl.tlog\cl.read.1.tlog
c:\users\manue\onedrive\escritorio\desarrollo de videojuegos\segundo\tpv\tpv-git\practica1\holasdl\debug\holasdl.tlog\cl.write.1.tlog
c:\users\manue\onedrive\escritorio\desarrollo de videojuegos\segundo\tpv\tpv-git\practica1\holasdl\debug\holasdl.tlog\link.command.1.tlog
c:\users\manue\onedrive\escritorio\desarrollo de videojuegos\segundo\tpv\tpv-git\practica1\holasdl\debug\holasdl.tlog\link.read.1.tlog
c:\users\manue\onedrive\escritorio\desarrollo de videojuegos\segundo\tpv\tpv-git\practica1\holasdl\debug\holasdl.tlog\link.write.1.tlog
